This is pdfTeX, Version 3.141592653-2.6-1.40.22 (TeX Live 2022/dev/Debian) (preloaded format=pdflatex 2026.3.8)  8 MAR 2026 11:17
entering extended mode
 restricted \write18 enabled.
 %&-line parsing enabled.
**Q2_DELIVERY_2026-03-08.tex
(./Q2_DELIVERY_2026-03-08.tex
LaTeX2e <2021-11-15> patch level 1
L3 programming layer <2022-01-21>
(/usr/share/texlive/texmf-dist/tex/latex/base/article.cls
Document Class: article 2021/10/04 v1.4n Standard LaTeX document class
(/usr/share/texlive/texmf-dist/tex/latex/base/size11.clo
File: size11.clo 2021/10/04 v1.4n Standard LaTeX file (size option)
)
\c@part=\count185
\c@section=\count186
\c@subsection=\count187
\c@subsubsection=\count188
\c@paragraph=\count189
\c@subparagraph=\count190
\c@figure=\count191
\c@table=\count192
\abovecaptionskip=\skip47
\belowcaptionskip=\skip48
\bibindent=\dimen138
)
(/usr/share/texlive/texmf-dist/tex/latex/geometry/geometry.sty
Package: geometry 2020/01/02 v5.9 Page Geometry

(/usr/share/texlive/texmf-dist/tex/latex/graphics/keyval.sty
Package: keyval 2014/10/28 v1.15 key=value parser (DPC)
\KV@toks@=\toks16
)
(/usr/share/texlive/texmf-dist/tex/generic/iftex/ifvtex.sty
Package: ifvtex 2019/10/25 v1.7 ifvtex legacy package. Use iftex instead.

(/usr/share/texlive/texmf-dist/tex/generic/iftex/iftex.sty
Package: iftex 2020/03/06 v1.0d TeX engine tests
))
\Gm@cnth=\count193
\Gm@cntv=\count194
\c@Gm@tempcnt=\count195
\Gm@bindingoffset=\dimen139
\Gm@wd@mp=\dimen140
\Gm@odd@mp=\dimen141
\Gm@even@mp=\dimen142
\Gm@layoutwidth=\dimen143
\Gm@layoutheight=\dimen144
\Gm@layouthoffset=\dimen145
\Gm@layoutvoffset=\dimen146
\Gm@dimlist=\toks17
)
(/usr/share/texlive/texmf-dist/tex/latex/graphics/graphicx.sty
Package: graphicx 2021/09/16 v1.2d Enhanced LaTeX Graphics (DPC,SPQR)

(/usr/share/texlive/texmf-dist/tex/latex/graphics/graphics.sty
Package: graphics 2021/03/04 v1.4d Standard LaTeX Graphics (DPC,SPQR)

(/usr/share/texlive/texmf-dist/tex/latex/graphics/trig.sty
Package: trig 2021/08/11 v1.11 sin cos tan (DPC)
)
(/usr/share/texlive/texmf-dist/tex/latex/graphics-cfg/graphics.cfg
File: graphics.cfg 2016/06/04 v1.11 sample graphics configuration
)
Package graphics Info: Driver file: pdftex.def on input line 107.

(/usr/share/texlive/texmf-dist/tex/latex/graphics-def/pdftex.def
File: pdftex.def 2020/10/05 v1.2a Graphics/color driver for pdftex
))
\Gin@req@height=\dimen147
\Gin@req@width=\dimen148
)
(/usr/share/texlive/texmf-dist/tex/latex/l3backend/l3backend-pdftex.def
File: l3backend-pdftex.def 2022-01-12 L3 backend support: PDF output (pdfTeX)
\l__color_backend_stack_int=\count196
\l__pdf_internal_box=\box50
)
(./Q2_DELIVERY_2026-03-08.aux)
\openout1 = `Q2_DELIVERY_2026-03-08.aux'.

LaTeX Font Info:    Checking defaults for OML/cmm/m/it on input line 7.
LaTeX Font Info:    ... okay on input line 7.
LaTeX Font Info:    Checking defaults for OMS/cmsy/m/n on input line 7.
LaTeX Font Info:    ... okay on input line 7.
LaTeX Font Info:    Checking defaults for OT1/cmr/m/n on input line 7.
LaTeX Font Info:    ... okay on input line 7.
LaTeX Font Info:    Checking defaults for T1/cmr/m/n on input line 7.
LaTeX Font Info:    ... okay on input line 7.
LaTeX Font Info:    Checking defaults for TS1/cmr/m/n on input line 7.
LaTeX Font Info:    ... okay on input line 7.
LaTeX Font Info:    Checking defaults for OMX/cmex/m/n on input line 7.
LaTeX Font Info:    ... okay on input line 7.
LaTeX Font Info:    Checking defaults for U/cmr/m/n on input line 7.
LaTeX Font Info:    ... okay on input line 7.

*geometry* driver: auto-detecting
*geometry* detected driver: pdftex
*geometry* verbose mode - [ preamble ] result:
* driver: pdftex
* paper: a4paper
* layout: <same size as paper>
* layoutoffset:(h,v)=(0.0pt,0.0pt)
* modes: 
* h-part:(L,W,R)=(72.26999pt, 452.9679pt, 72.26999pt)
* v-part:(T,H,B)=(72.26999pt, 700.50687pt, 72.26999pt)
* \paperwidth=597.50787pt
* \paperheight=845.04684pt
* \textwidth=452.9679pt
* \textheight=700.50687pt
* \oddsidemargin=0.0pt
* \evensidemargin=0.0pt
* \topmargin=-37.0pt
* \headheight=12.0pt
* \headsep=25.0pt
* \topskip=11.0pt
* \footskip=30.0pt
* \marginparwidth=50.0pt
* \marginparsep=10.0pt
* \columnsep=10.0pt
* \skip\footins=10.0pt plus 4.0pt minus 2.0pt
* \hoffset=0.0pt
* \voffset=0.0pt
* \mag=1000
* \@twocolumnfalse
* \@twosidefalse
* \@mparswitchfalse
* \@reversemarginfalse
* (1in=72.27pt=25.4mm, 1cm=28.453pt)

(/usr/share/texlive/texmf-dist/tex/context/base/mkii/supp-pdf.mkii
[Loading MPS to PDF converter (version 2006.09.02).]
\scratchcounter=\count197
\scratchdimen=\dimen149
\scratchbox=\box51
\nofMPsegments=\count198
\nofMParguments=\count199
\everyMPshowfont=\toks18
\MPscratchCnt=\count266
\MPscratchDim=\dimen150
\MPnumerator=\count267
\makeMPintoPDFobject=\count268
\everyMPtoPDFconversion=\toks19
) (/usr/share/texlive/texmf-dist/tex/latex/epstopdf-pkg/epstopdf-base.sty
Package: epstopdf-base 2020-01-24 v2.11 Base part for package epstopdf
Package epstopdf-base Info: Redefining graphics rule for `.eps' on input line 4
85.

(/usr/share/texlive/texmf-dist/tex/latex/latexconfig/epstopdf-sys.cfg
File: epstopdf-sys.cfg 2010/07/13 v1.3 Configuration of (r)epstopdf for TeX Liv
e
))
LaTeX Font Info:    External font `cmex10' loaded for size
(Font)              <12> on input line 8.
LaTeX Font Info:    External font `cmex10' loaded for size
(Font)              <8> on input line 8.
LaTeX Font Info:    External font `cmex10' loaded for size
(Font)              <6> on input line 8.

Overfull \hbox (6.16928pt too wide) in paragraph at lines 14--17
\OT1/cmr/m/n/10.95 On-chain prove-nance: Iden-tity Reg-istry \OT1/cmtt/m/n/10.9
5 0x8004A169FB4a3325136EB29fA0ceB6D2e539a432\OT1/cmr/m/n/10.95 , Rep-
 []


Overfull \hbox (23.205pt too wide) in paragraph at lines 21--22
[]\OT1/cmtt/m/n/10.95 identity[]registered.csv\OT1/cmr/m/n/10.95 : reg-is-tra-t
ion events with columns such as \OT1/cmtt/m/n/10.95 blockNumber, agentId,
 []

LaTeX Font Info:    External font `cmex10' loaded for size
(Font)              <10.95> on input line 27.
<figures/q2_event_time_cumulative_deltab1000.pdf, id=1, 512.83345pt x 366.7991p
t>
File: figures/q2_event_time_cumulative_deltab1000.pdf Graphic file (type pdf)
<use figures/q2_event_time_cumulative_deltab1000.pdf>
Package pdftex.def Info: figures/q2_event_time_cumulative_deltab1000.pdf  used 
on input line 34.
(pdftex.def)             Requested size: 407.66833pt x 291.5871pt.
<figures/q2_event_time_mean_deltab1000.pdf, id=2, 498.37943pt x 352.34511pt>
File: figures/q2_event_time_mean_deltab1000.pdf Graphic file (type pdf)
<use figures/q2_event_time_mean_deltab1000.pdf>
Package pdftex.def Info: figures/q2_event_time_mean_deltab1000.pdf  used on inp
ut line 39.
(pdftex.def)             Requested size: 385.02547pt x 272.2044pt.
<figures/q2_event_time_median_deltab1000.pdf, id=3, 498.47478pt x 352.34511pt>
File: figures/q2_event_time_median_deltab1000.pdf Graphic file (type pdf)
<use figures/q2_event_time_median_deltab1000.pdf>
Package pdftex.def Info: figures/q2_event_time_median_deltab1000.pdf  used on i
nput line 44.
(pdftex.def)             Requested size: 385.02547pt x 272.15602pt.
[1

{/var/lib/texmf/fonts/map/pdftex/updmap/pdftex.map}] [2 <./figures/q2_event_tim
e_cumulative_deltab1000.pdf> <./figures/q2_event_time_mean_deltab1000.pdf>]
Underfull \hbox (badness 10000) in paragraph at lines 58--59

 []


Overfull \hbox (197.10501pt too wide) in paragraph at lines 60--61
[]\OT1/cmtt/m/n/10.95 workspaces/science-chief/outbox/Reports/Q2[]DELIVERY[]202
6-03-08/figures/q2[]event[]time[]cumulative[]deltab1000.pdf 
 []


Overfull \hbox (162.61288pt too wide) in paragraph at lines 61--62
[]\OT1/cmtt/m/n/10.95 workspaces/science-chief/outbox/Reports/Q2[]DELIVERY[]202
6-03-08/figures/q2[]event[]time[]mean[]deltab1000.pdf 
 []


Overfull \hbox (174.11026pt too wide) in paragraph at lines 62--63
[]\OT1/cmtt/m/n/10.95 workspaces/science-chief/outbox/Reports/Q2[]DELIVERY[]202
6-03-08/figures/q2[]event[]time[]median[]deltab1000.pdf 
 []


Underfull \hbox (badness 10000) in paragraph at lines 64--65

 []


Overfull \hbox (252.98225pt too wide) in paragraph at lines 66--67
[]\OT1/cmtt/m/n/10.95 workspaces/science-chief/outbox/Reports/Q2[]DELIVERY[]202
6-03-08/tables/Q2[]EVENT[]TIME[]CUMULATIVE[]DELTAB1000[]2026-03-08.csv 
 []


Overfull \hbox (85.35052pt too wide) in paragraph at lines 67--68
[]\OT1/cmtt/m/n/10.95 workspaces/science-chief/outbox/Reports/Q2[]DELIVERY[]202
6-03-08/tables/q2[]summary[]table.tex 
 []


Overfull \hbox (108.34528pt too wide) in paragraph at lines 68--69
[]\OT1/cmtt/m/n/10.95 workspaces/science-chief/outbox/Reports/Q2[]DELIVERY[]202
6-03-08/tables/q2[]checkpoints[]table.tex 
 []

[3 <./figures/q2_event_time_median_deltab1000.pdf>]
(./Q2_DELIVERY_2026-03-08.aux) ) 
Here is how much of TeX's memory you used:
 1863 strings out of 480247
 30761 string characters out of 5896152
 326536 words of memory out of 5000000
 19827 multiletter control sequences out of 15000+600000
 474632 words of font info for 46 fonts, out of 8000000 for 9000
 14 hyphenation exceptions out of 8191
 55i,6n,62p,285b,230s stack positions out of 5000i,500n,10000p,200000b,80000s
 </home/manuel/.texlive2021/texmf-var/fonts/pk/
ljfour/jknappen/ec/tcrm1095.600pk></usr/share/texlive/texmf-dist/fonts/type1/pu
blic/amsfonts/cm/cmbx10.pfb></usr/share/texlive/texmf-dist/fonts/type1/public/a
msfonts/cm/cmbx12.pfb></usr/share/texlive/texmf-dist/fonts/type1/public/amsfont
s/cm/cmmi10.pfb></usr/share/texlive/texmf-dist/fonts/type1/public/amsfonts/cm/c
mmi8.pfb></usr/share/texlive/texmf-dist/fonts/type1/public/amsfonts/cm/cmr10.pf
b></usr/share/texlive/texmf-dist/fonts/type1/public/amsfonts/cm/cmr12.pfb></usr
/share/texlive/texmf-dist/fonts/type1/public/amsfonts/cm/cmr17.pfb></usr/share/
texlive/texmf-dist/fonts/type1/public/amsfonts/cm/cmsy10.pfb></usr/share/texliv
e/texmf-dist/fonts/type1/public/amsfonts/cm/cmtt10.pfb>
Output written on Q2_DELIVERY_2026-03-08.pdf (3 pages, 165768 bytes).
PDF statistics:
 197 PDF objects out of 1000 (max. 8388607)
 54 compressed objects within 1 object stream
 0 named destinations out of 1000 (max. 500000)
 16 words of extra memory for PDF output out of 10000 (max. 10000000)

