This is pdfTeX, Version 3.141592653-2.6-1.40.22 (TeX Live 2022/dev/Debian) (preloaded format=pdflatex 2026.3.8)  8 MAR 2026 15:11
entering extended mode
 restricted \write18 enabled.
 %&-line parsing enabled.
**Q3_V2_NETWORK_INFERENCE_PACK_2026-03-08.tex
(./Q3_V2_NETWORK_INFERENCE_PACK_2026-03-08.tex
LaTeX2e <2021-11-15> patch level 1
L3 programming layer <2022-01-21>
(/usr/share/texlive/texmf-dist/tex/latex/base/article.cls
Document Class: article 2021/10/04 v1.4n Standard LaTeX document class
(/usr/share/texlive/texmf-dist/tex/latex/base/size11.clo
File: size11.clo 2021/10/04 v1.4n Standard LaTeX file (size option)
)
\c@part=\count185
\c@section=\count186
\c@subsection=\count187
\c@subsubsection=\count188
\c@paragraph=\count189
\c@subparagraph=\count190
\c@figure=\count191
\c@table=\count192
\abovecaptionskip=\skip47
\belowcaptionskip=\skip48
\bibindent=\dimen138
)
(/usr/share/texlive/texmf-dist/tex/latex/geometry/geometry.sty
Package: geometry 2020/01/02 v5.9 Page Geometry

(/usr/share/texlive/texmf-dist/tex/latex/graphics/keyval.sty
Package: keyval 2014/10/28 v1.15 key=value parser (DPC)
\KV@toks@=\toks16
)
(/usr/share/texlive/texmf-dist/tex/generic/iftex/ifvtex.sty
Package: ifvtex 2019/10/25 v1.7 ifvtex legacy package. Use iftex instead.

(/usr/share/texlive/texmf-dist/tex/generic/iftex/iftex.sty
Package: iftex 2020/03/06 v1.0d TeX engine tests
))
\Gm@cnth=\count193
\Gm@cntv=\count194
\c@Gm@tempcnt=\count195
\Gm@bindingoffset=\dimen139
\Gm@wd@mp=\dimen140
\Gm@odd@mp=\dimen141
\Gm@even@mp=\dimen142
\Gm@layoutwidth=\dimen143
\Gm@layoutheight=\dimen144
\Gm@layouthoffset=\dimen145
\Gm@layoutvoffset=\dimen146
\Gm@dimlist=\toks17
)
(/usr/share/texlive/texmf-dist/tex/latex/graphics/graphicx.sty
Package: graphicx 2021/09/16 v1.2d Enhanced LaTeX Graphics (DPC,SPQR)

(/usr/share/texlive/texmf-dist/tex/latex/graphics/graphics.sty
Package: graphics 2021/03/04 v1.4d Standard LaTeX Graphics (DPC,SPQR)

(/usr/share/texlive/texmf-dist/tex/latex/graphics/trig.sty
Package: trig 2021/08/11 v1.11 sin cos tan (DPC)
)
(/usr/share/texlive/texmf-dist/tex/latex/graphics-cfg/graphics.cfg
File: graphics.cfg 2016/06/04 v1.11 sample graphics configuration
)
Package graphics Info: Driver file: pdftex.def on input line 107.

(/usr/share/texlive/texmf-dist/tex/latex/graphics-def/pdftex.def
File: pdftex.def 2020/10/05 v1.2a Graphics/color driver for pdftex
))
\Gin@req@height=\dimen147
\Gin@req@width=\dimen148
)
(/usr/share/texlive/texmf-dist/tex/latex/l3backend/l3backend-pdftex.def
File: l3backend-pdftex.def 2022-01-12 L3 backend support: PDF output (pdfTeX)
\l__color_backend_stack_int=\count196
\l__pdf_internal_box=\box50
)
(./Q3_V2_NETWORK_INFERENCE_PACK_2026-03-08.aux)
\openout1 = `Q3_V2_NETWORK_INFERENCE_PACK_2026-03-08.aux'.

LaTeX Font Info:    Checking defaults for OML/cmm/m/it on input line 7.
LaTeX Font Info:    ... okay on input line 7.
LaTeX Font Info:    Checking defaults for OMS/cmsy/m/n on input line 7.
LaTeX Font Info:    ... okay on input line 7.
LaTeX Font Info:    Checking defaults for OT1/cmr/m/n on input line 7.
LaTeX Font Info:    ... okay on input line 7.
LaTeX Font Info:    Checking defaults for T1/cmr/m/n on input line 7.
LaTeX Font Info:    ... okay on input line 7.
LaTeX Font Info:    Checking defaults for TS1/cmr/m/n on input line 7.
LaTeX Font Info:    ... okay on input line 7.
LaTeX Font Info:    Checking defaults for OMX/cmex/m/n on input line 7.
LaTeX Font Info:    ... okay on input line 7.
LaTeX Font Info:    Checking defaults for U/cmr/m/n on input line 7.
LaTeX Font Info:    ... okay on input line 7.

*geometry* driver: auto-detecting
*geometry* detected driver: pdftex
*geometry* verbose mode - [ preamble ] result:
* driver: pdftex
* paper: a4paper
* layout: <same size as paper>
* layoutoffset:(h,v)=(0.0pt,0.0pt)
* modes: 
* h-part:(L,W,R)=(72.26999pt, 452.9679pt, 72.26999pt)
* v-part:(T,H,B)=(72.26999pt, 700.50687pt, 72.26999pt)
* \paperwidth=597.50787pt
* \paperheight=845.04684pt
* \textwidth=452.9679pt
* \textheight=700.50687pt
* \oddsidemargin=0.0pt
* \evensidemargin=0.0pt
* \topmargin=-37.0pt
* \headheight=12.0pt
* \headsep=25.0pt
* \topskip=11.0pt
* \footskip=30.0pt
* \marginparwidth=50.0pt
* \marginparsep=10.0pt
* \columnsep=10.0pt
* \skip\footins=10.0pt plus 4.0pt minus 2.0pt
* \hoffset=0.0pt
* \voffset=0.0pt
* \mag=1000
* \@twocolumnfalse
* \@twosidefalse
* \@mparswitchfalse
* \@reversemarginfalse
* (1in=72.27pt=25.4mm, 1cm=28.453pt)

(/usr/share/texlive/texmf-dist/tex/context/base/mkii/supp-pdf.mkii
[Loading MPS to PDF converter (version 2006.09.02).]
\scratchcounter=\count197
\scratchdimen=\dimen149
\scratchbox=\box51
\nofMPsegments=\count198
\nofMParguments=\count199
\everyMPshowfont=\toks18
\MPscratchCnt=\count266
\MPscratchDim=\dimen150
\MPnumerator=\count267
\makeMPintoPDFobject=\count268
\everyMPtoPDFconversion=\toks19
) (/usr/share/texlive/texmf-dist/tex/latex/epstopdf-pkg/epstopdf-base.sty
Package: epstopdf-base 2020-01-24 v2.11 Base part for package epstopdf
Package epstopdf-base Info: Redefining graphics rule for `.eps' on input line 4
85.

(/usr/share/texlive/texmf-dist/tex/latex/latexconfig/epstopdf-sys.cfg
File: epstopdf-sys.cfg 2010/07/13 v1.3 Configuration of (r)epstopdf for TeX Liv
e
))
LaTeX Font Info:    External font `cmex10' loaded for size
(Font)              <12> on input line 8.
LaTeX Font Info:    External font `cmex10' loaded for size
(Font)              <8> on input line 8.
LaTeX Font Info:    External font `cmex10' loaded for size
(Font)              <6> on input line 8.

[1

{/var/lib/texmf/fonts/map/pdftex/updmap/pdftex.map}]
<figures/q3_v2_degree_distribution.pdf, id=12, 433.62pt x 289.08pt>
File: figures/q3_v2_degree_distribution.pdf Graphic file (type pdf)
<use figures/q3_v2_degree_distribution.pdf>
Package pdftex.def Info: figures/q3_v2_degree_distribution.pdf  used on input l
ine 44.
(pdftex.def)             Requested size: 389.55266pt x 259.71526pt.
<figures/q3_v2_centrality_top20.pdf, id=13, 578.16pt x 289.08pt>
File: figures/q3_v2_centrality_top20.pdf Graphic file (type pdf)
<use figures/q3_v2_centrality_top20.pdf>
Package pdftex.def Info: figures/q3_v2_centrality_top20.pdf  used on input line
 51.
(pdftex.def)             Requested size: 389.55266pt x 194.7765pt.
<figures/q3_v2_community_size_distribution.pdf, id=14, 433.62pt x 289.08pt>
File: figures/q3_v2_community_size_distribution.pdf Graphic file (type pdf)
<use figures/q3_v2_community_size_distribution.pdf>
Package pdftex.def Info: figures/q3_v2_community_size_distribution.pdf  used on
 input line 58.
(pdftex.def)             Requested size: 389.55266pt x 259.71526pt.
<figures/q3_v2_temporal_stability.pdf, id=15, 433.62pt x 289.08pt>
File: figures/q3_v2_temporal_stability.pdf Graphic file (type pdf)
<use figures/q3_v2_temporal_stability.pdf>
Package pdftex.def Info: figures/q3_v2_temporal_stability.pdf  used on input li
ne 65.
(pdftex.def)             Requested size: 389.55266pt x 259.71526pt.
<figures/q3_v2_null_model_comparison.pdf, id=16, 433.62pt x 289.08pt>
File: figures/q3_v2_null_model_comparison.pdf Graphic file (type pdf)
<use figures/q3_v2_null_model_comparison.pdf>
Package pdftex.def Info: figures/q3_v2_null_model_comparison.pdf  used on input
 line 72.
(pdftex.def)             Requested size: 389.55266pt x 259.71526pt.
 [2] [3 <./figures/q3_v2_degree_distribution.pdf> <./figures/q3_v2_centrality_t
op20.pdf>] [4 <./figures/q3_v2_community_size_distribution.pdf> <./figures/q3_v
2_temporal_stability.pdf>]
Underfull \hbox (badness 10000) in paragraph at lines 91--92

 []


Overfull \hbox (234.12656pt too wide) in paragraph at lines 93--94
[]\OT1/cmtt/m/n/10.95 workspaces/science-chief/outbox/Reports/Q3[]V2[]NETWORK[]
INFERENCE[]PACK[]2026-03-08/figures/q3[]v2[]degree[]distribution.pdf 
 []


Overfull \hbox (216.8805pt too wide) in paragraph at lines 94--95
[]\OT1/cmtt/m/n/10.95 workspaces/science-chief/outbox/Reports/Q3[]V2[]NETWORK[]
INFERENCE[]PACK[]2026-03-08/figures/q3[]v2[]centrality[]top20.pdf 
 []


Overfull \hbox (278.50642pt too wide) in paragraph at lines 95--96
[]\OT1/cmtt/m/n/10.95 workspaces/science-chief/outbox/Reports/Q3[]V2[]NETWORK[]
INFERENCE[]PACK[]2026-03-08/figures/q3[]v2[]community[]size[]distribution.pdf 
 []


Overfull \hbox (228.37787pt too wide) in paragraph at lines 96--97
[]\OT1/cmtt/m/n/10.95 workspaces/science-chief/outbox/Reports/Q3[]V2[]NETWORK[]
INFERENCE[]PACK[]2026-03-08/figures/q3[]v2[]temporal[]stability.pdf 
 []


Overfull \hbox (244.0143pt too wide) in paragraph at lines 97--98
[]\OT1/cmtt/m/n/10.95 workspaces/science-chief/outbox/Reports/Q3[]V2[]NETWORK[]
INFERENCE[]PACK[]2026-03-08/figures/q3[]v2[]null[]model[]comparison.pdf 
 []


Underfull \hbox (badness 10000) in paragraph at lines 100--101

 []


Overfull \hbox (255.51167pt too wide) in paragraph at lines 102--103
[]\OT1/cmtt/m/n/10.95 workspaces/science-chief/outbox/Reports/Q3[]V2[]NETWORK[]
INFERENCE[]PACK[]2026-03-08/tables/q3[]v2[]bipartite[]edges[]weighted.csv 
 []

[5 <./figures/q3_v2_null_model_comparison.pdf>]
Overfull \hbox (261.26036pt too wide) in paragraph at lines 103--104
[]\OT1/cmtt/m/n/10.95 workspaces/science-chief/outbox/Reports/Q3[]V2[]NETWORK[]
INFERENCE[]PACK[]2026-03-08/tables/q3[]v2[]agent[]projection[]weighted.csv 
 []


Overfull \hbox (211.1318pt too wide) in paragraph at lines 104--105
[]\OT1/cmtt/m/n/10.95 workspaces/science-chief/outbox/Reports/Q3[]V2[]NETWORK[]
INFERENCE[]PACK[]2026-03-08/tables/q3[]v2[]agent[]centrality.csv 
 []


Overfull \hbox (234.12656pt too wide) in paragraph at lines 105--106
[]\OT1/cmtt/m/n/10.95 workspaces/science-chief/outbox/Reports/Q3[]V2[]NETWORK[]
INFERENCE[]PACK[]2026-03-08/tables/q3[]v2[]community[]membership.csv 
 []


Overfull \hbox (222.62918pt too wide) in paragraph at lines 106--107
[]\OT1/cmtt/m/n/10.95 workspaces/science-chief/outbox/Reports/Q3[]V2[]NETWORK[]
INFERENCE[]PACK[]2026-03-08/tables/q3[]v2[]temporal[]stability.csv 
 []


Overfull \hbox (203.77348pt too wide) in paragraph at lines 107--108
[]\OT1/cmtt/m/n/10.95 workspaces/science-chief/outbox/Reports/Q3[]V2[]NETWORK[]
INFERENCE[]PACK[]2026-03-08/tables/q3[]v2[]null[]model[]test.csv 
 []


Overfull \hbox (221.01955pt too wide) in paragraph at lines 108--109
[]\OT1/cmtt/m/n/10.95 workspaces/science-chief/outbox/Reports/Q3[]V2[]NETWORK[]
INFERENCE[]PACK[]2026-03-08/tables/q3[]v2[]top20[]multi[]metric.csv 
 []

[6] (./Q3_V2_NETWORK_INFERENCE_PACK_2026-03-08.aux) ) 
Here is how much of TeX's memory you used:
 1880 strings out of 480247
 31472 string characters out of 5896152
 329650 words of memory out of 5000000
 19842 multiletter control sequences out of 15000+600000
 474324 words of font info for 45 fonts, out of 8000000 for 9000
 14 hyphenation exceptions out of 8191
 55i,6n,62p,899b,226s stack positions out of 5000i,500n,10000p,200000b,80000s
 </home/manuel/.texlive202
1/texmf-var/fonts/pk/ljfour/jknappen/ec/tcrm1095.600pk></usr/share/texlive/texm
f-dist/fonts/type1/public/amsfonts/cm/cmbx10.pfb></usr/share/texlive/texmf-dist
/fonts/type1/public/amsfonts/cm/cmbx12.pfb></usr/share/texlive/texmf-dist/fonts
/type1/public/amsfonts/cm/cmr10.pfb></usr/share/texlive/texmf-dist/fonts/type1/
public/amsfonts/cm/cmr12.pfb></usr/share/texlive/texmf-dist/fonts/type1/public/
amsfonts/cm/cmr17.pfb></usr/share/texlive/texmf-dist/fonts/type1/public/amsfont
s/cm/cmtt10.pfb>
Output written on Q3_V2_NETWORK_INFERENCE_PACK_2026-03-08.pdf (6 pages, 148259 
bytes).
PDF statistics:
 219 PDF objects out of 1000 (max. 8388607)
 61 compressed objects within 1 object stream
 0 named destinations out of 1000 (max. 500000)
 26 words of extra memory for PDF output out of 10000 (max. 10000000)

