This is pdfTeX, Version 3.141592653-2.6-1.40.22 (TeX Live 2022/dev/Debian) (preloaded format=pdflatex 2026.3.8)  8 MAR 2026 15:32
entering extended mode
 restricted \write18 enabled.
 %&-line parsing enabled.
**CLIENT_DOMINANCE_COEVAL_2026-03-08.tex
(./CLIENT_DOMINANCE_COEVAL_2026-03-08.tex
LaTeX2e <2021-11-15> patch level 1
L3 programming layer <2022-01-21>
(/usr/share/texlive/texmf-dist/tex/latex/base/article.cls
Document Class: article 2021/10/04 v1.4n Standard LaTeX document class
(/usr/share/texlive/texmf-dist/tex/latex/base/size11.clo
File: size11.clo 2021/10/04 v1.4n Standard LaTeX file (size option)
)
\c@part=\count185
\c@section=\count186
\c@subsection=\count187
\c@subsubsection=\count188
\c@paragraph=\count189
\c@subparagraph=\count190
\c@figure=\count191
\c@table=\count192
\abovecaptionskip=\skip47
\belowcaptionskip=\skip48
\bibindent=\dimen138
)
(/usr/share/texlive/texmf-dist/tex/latex/geometry/geometry.sty
Package: geometry 2020/01/02 v5.9 Page Geometry

(/usr/share/texlive/texmf-dist/tex/latex/graphics/keyval.sty
Package: keyval 2014/10/28 v1.15 key=value parser (DPC)
\KV@toks@=\toks16
)
(/usr/share/texlive/texmf-dist/tex/generic/iftex/ifvtex.sty
Package: ifvtex 2019/10/25 v1.7 ifvtex legacy package. Use iftex instead.

(/usr/share/texlive/texmf-dist/tex/generic/iftex/iftex.sty
Package: iftex 2020/03/06 v1.0d TeX engine tests
))
\Gm@cnth=\count193
\Gm@cntv=\count194
\c@Gm@tempcnt=\count195
\Gm@bindingoffset=\dimen139
\Gm@wd@mp=\dimen140
\Gm@odd@mp=\dimen141
\Gm@even@mp=\dimen142
\Gm@layoutwidth=\dimen143
\Gm@layoutheight=\dimen144
\Gm@layouthoffset=\dimen145
\Gm@layoutvoffset=\dimen146
\Gm@dimlist=\toks17
)
(/usr/share/texlive/texmf-dist/tex/latex/graphics/graphicx.sty
Package: graphicx 2021/09/16 v1.2d Enhanced LaTeX Graphics (DPC,SPQR)

(/usr/share/texlive/texmf-dist/tex/latex/graphics/graphics.sty
Package: graphics 2021/03/04 v1.4d Standard LaTeX Graphics (DPC,SPQR)

(/usr/share/texlive/texmf-dist/tex/latex/graphics/trig.sty
Package: trig 2021/08/11 v1.11 sin cos tan (DPC)
)
(/usr/share/texlive/texmf-dist/tex/latex/graphics-cfg/graphics.cfg
File: graphics.cfg 2016/06/04 v1.11 sample graphics configuration
)
Package graphics Info: Driver file: pdftex.def on input line 107.

(/usr/share/texlive/texmf-dist/tex/latex/graphics-def/pdftex.def
File: pdftex.def 2020/10/05 v1.2a Graphics/color driver for pdftex
))
\Gin@req@height=\dimen147
\Gin@req@width=\dimen148
)
(/usr/share/texlive/texmf-dist/tex/latex/l3backend/l3backend-pdftex.def
File: l3backend-pdftex.def 2022-01-12 L3 backend support: PDF output (pdfTeX)
\l__color_backend_stack_int=\count196
\l__pdf_internal_box=\box50
)
(./CLIENT_DOMINANCE_COEVAL_2026-03-08.aux)
\openout1 = `CLIENT_DOMINANCE_COEVAL_2026-03-08.aux'.

LaTeX Font Info:    Checking defaults for OML/cmm/m/it on input line 7.
LaTeX Font Info:    ... okay on input line 7.
LaTeX Font Info:    Checking defaults for OMS/cmsy/m/n on input line 7.
LaTeX Font Info:    ... okay on input line 7.
LaTeX Font Info:    Checking defaults for OT1/cmr/m/n on input line 7.
LaTeX Font Info:    ... okay on input line 7.
LaTeX Font Info:    Checking defaults for T1/cmr/m/n on input line 7.
LaTeX Font Info:    ... okay on input line 7.
LaTeX Font Info:    Checking defaults for TS1/cmr/m/n on input line 7.
LaTeX Font Info:    ... okay on input line 7.
LaTeX Font Info:    Checking defaults for OMX/cmex/m/n on input line 7.
LaTeX Font Info:    ... okay on input line 7.
LaTeX Font Info:    Checking defaults for U/cmr/m/n on input line 7.
LaTeX Font Info:    ... okay on input line 7.

*geometry* driver: auto-detecting
*geometry* detected driver: pdftex
*geometry* verbose mode - [ preamble ] result:
* driver: pdftex
* paper: a4paper
* layout: <same size as paper>
* layoutoffset:(h,v)=(0.0pt,0.0pt)
* modes: 
* h-part:(L,W,R)=(72.26999pt, 452.9679pt, 72.26999pt)
* v-part:(T,H,B)=(72.26999pt, 700.50687pt, 72.26999pt)
* \paperwidth=597.50787pt
* \paperheight=845.04684pt
* \textwidth=452.9679pt
* \textheight=700.50687pt
* \oddsidemargin=0.0pt
* \evensidemargin=0.0pt
* \topmargin=-37.0pt
* \headheight=12.0pt
* \headsep=25.0pt
* \topskip=11.0pt
* \footskip=30.0pt
* \marginparwidth=50.0pt
* \marginparsep=10.0pt
* \columnsep=10.0pt
* \skip\footins=10.0pt plus 4.0pt minus 2.0pt
* \hoffset=0.0pt
* \voffset=0.0pt
* \mag=1000
* \@twocolumnfalse
* \@twosidefalse
* \@mparswitchfalse
* \@reversemarginfalse
* (1in=72.27pt=25.4mm, 1cm=28.453pt)

(/usr/share/texlive/texmf-dist/tex/context/base/mkii/supp-pdf.mkii
[Loading MPS to PDF converter (version 2006.09.02).]
\scratchcounter=\count197
\scratchdimen=\dimen149
\scratchbox=\box51
\nofMPsegments=\count198
\nofMParguments=\count199
\everyMPshowfont=\toks18
\MPscratchCnt=\count266
\MPscratchDim=\dimen150
\MPnumerator=\count267
\makeMPintoPDFobject=\count268
\everyMPtoPDFconversion=\toks19
) (/usr/share/texlive/texmf-dist/tex/latex/epstopdf-pkg/epstopdf-base.sty
Package: epstopdf-base 2020-01-24 v2.11 Base part for package epstopdf
Package epstopdf-base Info: Redefining graphics rule for `.eps' on input line 4
85.

(/usr/share/texlive/texmf-dist/tex/latex/latexconfig/epstopdf-sys.cfg
File: epstopdf-sys.cfg 2010/07/13 v1.3 Configuration of (r)epstopdf for TeX Liv
e
))
LaTeX Font Info:    External font `cmex10' loaded for size
(Font)              <12> on input line 8.
LaTeX Font Info:    External font `cmex10' loaded for size
(Font)              <8> on input line 8.
LaTeX Font Info:    External font `cmex10' loaded for size
(Font)              <6> on input line 8.
LaTeX Font Info:    External font `cmex10' loaded for size
(Font)              <10.95> on input line 17.
<figures/client_feedback_count_hist.pdf, id=1, 433.62pt x 289.08pt>
File: figures/client_feedback_count_hist.pdf Graphic file (type pdf)
<use figures/client_feedback_count_hist.pdf>
Package pdftex.def Info: figures/client_feedback_count_hist.pdf  used on input 
line 34.
(pdftex.def)             Requested size: 371.43698pt x 247.63794pt.
<figures/client_feedback_count_ccdf.pdf, id=2, 433.62pt x 289.08pt>
File: figures/client_feedback_count_ccdf.pdf Graphic file (type pdf)
<use figures/client_feedback_count_ccdf.pdf>
Package pdftex.def Info: figures/client_feedback_count_ccdf.pdf  used on input 
line 40.
(pdftex.def)             Requested size: 371.43698pt x 247.63794pt.
<figures/client_lorenz_curve.pdf, id=3, 361.35pt x 361.35pt>
File: figures/client_lorenz_curve.pdf Graphic file (type pdf)
<use figures/client_lorenz_curve.pdf>
Package pdftex.def Info: figures/client_lorenz_curve.pdf  used on input line 46
.
(pdftex.def)             Requested size: 339.72592pt x 339.7297pt.
<figures/agent_coevaluation_heatmap_top30.pdf, id=4, 505.89pt x 433.62pt>
File: figures/agent_coevaluation_heatmap_top30.pdf Graphic file (type pdf)
<use figures/agent_coevaluation_heatmap_top30.pdf>
Package pdftex.def Info: figures/agent_coevaluation_heatmap_top30.pdf  used on 
input line 52.
(pdftex.def)             Requested size: 371.43698pt x 318.37935pt.

[1

{/var/lib/texmf/fonts/map/pdftex/updmap/pdftex.map}] [2 <./figures/client_feedb
ack_count_hist.pdf> <./figures/client_feedback_count_ccdf.pdf>] [3 <./figures/c
lient_lorenz_curve.pdf>]
Underfull \hbox (badness 10000) in paragraph at lines 63--64

 []


Overfull \hbox (214.35107pt too wide) in paragraph at lines 65--66
[]\OT1/cmtt/m/n/10.95 workspaces/science-chief/outbox/Reports/CLIENT[]DOMINANCE
[]COEVAL[]2026-03-08/figures/client[]feedback[]count[]hist.pdf 
 []


Overfull \hbox (214.35107pt too wide) in paragraph at lines 66--67
[]\OT1/cmtt/m/n/10.95 workspaces/science-chief/outbox/Reports/CLIENT[]DOMINANCE
[]COEVAL[]2026-03-08/figures/client[]feedback[]count[]ccdf.pdf 
 []


Overfull \hbox (175.7199pt too wide) in paragraph at lines 67--68
[]\OT1/cmtt/m/n/10.95 workspaces/science-chief/outbox/Reports/CLIENT[]DOMINANCE
[]COEVAL[]2026-03-08/figures/client[]lorenz[]curve.pdf 
 []


Overfull \hbox (248.8432pt too wide) in paragraph at lines 68--69
[]\OT1/cmtt/m/n/10.95 workspaces/science-chief/outbox/Reports/CLIENT[]DOMINANCE
[]COEVAL[]2026-03-08/figures/agent[]coevaluation[]heatmap[]top30.pdf 
 []


Underfull \hbox (badness 10000) in paragraph at lines 71--72

 []

[4 <./figures/agent_coevaluation_heatmap_top30.pdf>]
Overfull \hbox (187.21727pt too wide) in paragraph at lines 73--74
[]\OT1/cmtt/m/n/10.95 workspaces/science-chief/outbox/Reports/CLIENT[]DOMINANCE
[]COEVAL[]2026-03-08/tables/client[]feedback[]counts.csv 
 []


Overfull \hbox (158.47383pt too wide) in paragraph at lines 74--75
[]\OT1/cmtt/m/n/10.95 workspaces/science-chief/outbox/Reports/CLIENT[]DOMINANCE
[]COEVAL[]2026-03-08/tables/agents[]per[]client.csv 
 []


Overfull \hbox (221.7094pt too wide) in paragraph at lines 75--76
[]\OT1/cmtt/m/n/10.95 workspaces/science-chief/outbox/Reports/CLIENT[]DOMINANCE
[]COEVAL[]2026-03-08/tables/client[]concentration[]summary.csv 
 []


Overfull \hbox (231.59714pt too wide) in paragraph at lines 76--77
[]\OT1/cmtt/m/n/10.95 workspaces/science-chief/outbox/Reports/CLIENT[]DOMINANCE
[]COEVAL[]2026-03-08/tables/agent[]coevaluation[]matrix[]long.csv 
 []


Overfull \hbox (231.59714pt too wide) in paragraph at lines 77--78
[]\OT1/cmtt/m/n/10.95 workspaces/science-chief/outbox/Reports/CLIENT[]DOMINANCE
[]COEVAL[]2026-03-08/tables/agent[]coevaluation[]top50[]pairs.csv 
 []

[5] (./CLIENT_DOMINANCE_COEVAL_2026-03-08.aux) ) 
Here is how much of TeX's memory you used:
 1870 strings out of 480247
 31080 string characters out of 5896152
 327582 words of memory out of 5000000
 19833 multiletter control sequences out of 15000+600000
 474632 words of font info for 46 fonts, out of 8000000 for 9000
 14 hyphenation exceptions out of 8191
 55i,6n,62p,482b,228s stack positions out of 5000i,500n,10000p,200000b,80000s
 </home/manuel/.texlive2021/tex
mf-var/fonts/pk/ljfour/jknappen/ec/tcrm1095.600pk></usr/share/texlive/texmf-dis
t/fonts/type1/public/amsfonts/cm/cmbx10.pfb></usr/share/texlive/texmf-dist/font
s/type1/public/amsfonts/cm/cmbx12.pfb></usr/share/texlive/texmf-dist/fonts/type
1/public/amsfonts/cm/cmmi10.pfb></usr/share/texlive/texmf-dist/fonts/type1/publ
ic/amsfonts/cm/cmmi8.pfb></usr/share/texlive/texmf-dist/fonts/type1/public/amsf
onts/cm/cmr10.pfb></usr/share/texlive/texmf-dist/fonts/type1/public/amsfonts/cm
/cmr12.pfb></usr/share/texlive/texmf-dist/fonts/type1/public/amsfonts/cm/cmr17.
pfb></usr/share/texlive/texmf-dist/fonts/type1/public/amsfonts/cm/cmsy10.pfb></
usr/share/texlive/texmf-dist/fonts/type1/public/amsfonts/cm/cmtt10.pfb>
Output written on CLIENT_DOMINANCE_COEVAL_2026-03-08.pdf (5 pages, 166908 bytes
).
PDF statistics:
 229 PDF objects out of 1000 (max. 8388607)
 65 compressed objects within 1 object stream
 0 named destinations out of 1000 (max. 500000)
 21 words of extra memory for PDF output out of 10000 (max. 10000000)

