This is pdfTeX, Version 3.141592653-2.6-1.40.22 (TeX Live 2022/dev/Debian) (preloaded format=pdflatex 2026.3.8)  8 MAR 2026 16:19
entering extended mode
 restricted \write18 enabled.
 %&-line parsing enabled.
**CLIENT_TEMPORAL_DYNAMICS_REVIEW_2026-03-08.tex
(./CLIENT_TEMPORAL_DYNAMICS_REVIEW_2026-03-08.tex
LaTeX2e <2021-11-15> patch level 1
L3 programming layer <2022-01-21>
(/usr/share/texlive/texmf-dist/tex/latex/base/article.cls
Document Class: article 2021/10/04 v1.4n Standard LaTeX document class
(/usr/share/texlive/texmf-dist/tex/latex/base/size11.clo
File: size11.clo 2021/10/04 v1.4n Standard LaTeX file (size option)
)
\c@part=\count185
\c@section=\count186
\c@subsection=\count187
\c@subsubsection=\count188
\c@paragraph=\count189
\c@subparagraph=\count190
\c@figure=\count191
\c@table=\count192
\abovecaptionskip=\skip47
\belowcaptionskip=\skip48
\bibindent=\dimen138
)
(/usr/share/texlive/texmf-dist/tex/latex/geometry/geometry.sty
Package: geometry 2020/01/02 v5.9 Page Geometry

(/usr/share/texlive/texmf-dist/tex/latex/graphics/keyval.sty
Package: keyval 2014/10/28 v1.15 key=value parser (DPC)
\KV@toks@=\toks16
)
(/usr/share/texlive/texmf-dist/tex/generic/iftex/ifvtex.sty
Package: ifvtex 2019/10/25 v1.7 ifvtex legacy package. Use iftex instead.

(/usr/share/texlive/texmf-dist/tex/generic/iftex/iftex.sty
Package: iftex 2020/03/06 v1.0d TeX engine tests
))
\Gm@cnth=\count193
\Gm@cntv=\count194
\c@Gm@tempcnt=\count195
\Gm@bindingoffset=\dimen139
\Gm@wd@mp=\dimen140
\Gm@odd@mp=\dimen141
\Gm@even@mp=\dimen142
\Gm@layoutwidth=\dimen143
\Gm@layoutheight=\dimen144
\Gm@layouthoffset=\dimen145
\Gm@layoutvoffset=\dimen146
\Gm@dimlist=\toks17
)
(/usr/share/texlive/texmf-dist/tex/latex/graphics/graphicx.sty
Package: graphicx 2021/09/16 v1.2d Enhanced LaTeX Graphics (DPC,SPQR)

(/usr/share/texlive/texmf-dist/tex/latex/graphics/graphics.sty
Package: graphics 2021/03/04 v1.4d Standard LaTeX Graphics (DPC,SPQR)

(/usr/share/texlive/texmf-dist/tex/latex/graphics/trig.sty
Package: trig 2021/08/11 v1.11 sin cos tan (DPC)
)
(/usr/share/texlive/texmf-dist/tex/latex/graphics-cfg/graphics.cfg
File: graphics.cfg 2016/06/04 v1.11 sample graphics configuration
)
Package graphics Info: Driver file: pdftex.def on input line 107.

(/usr/share/texlive/texmf-dist/tex/latex/graphics-def/pdftex.def
File: pdftex.def 2020/10/05 v1.2a Graphics/color driver for pdftex
))
\Gin@req@height=\dimen147
\Gin@req@width=\dimen148
)
(/usr/share/texlive/texmf-dist/tex/latex/l3backend/l3backend-pdftex.def
File: l3backend-pdftex.def 2022-01-12 L3 backend support: PDF output (pdfTeX)
\l__color_backend_stack_int=\count196
\l__pdf_internal_box=\box50
)
(./CLIENT_TEMPORAL_DYNAMICS_REVIEW_2026-03-08.aux)
\openout1 = `CLIENT_TEMPORAL_DYNAMICS_REVIEW_2026-03-08.aux'.

LaTeX Font Info:    Checking defaults for OML/cmm/m/it on input line 7.
LaTeX Font Info:    ... okay on input line 7.
LaTeX Font Info:    Checking defaults for OMS/cmsy/m/n on input line 7.
LaTeX Font Info:    ... okay on input line 7.
LaTeX Font Info:    Checking defaults for OT1/cmr/m/n on input line 7.
LaTeX Font Info:    ... okay on input line 7.
LaTeX Font Info:    Checking defaults for T1/cmr/m/n on input line 7.
LaTeX Font Info:    ... okay on input line 7.
LaTeX Font Info:    Checking defaults for TS1/cmr/m/n on input line 7.
LaTeX Font Info:    ... okay on input line 7.
LaTeX Font Info:    Checking defaults for OMX/cmex/m/n on input line 7.
LaTeX Font Info:    ... okay on input line 7.
LaTeX Font Info:    Checking defaults for U/cmr/m/n on input line 7.
LaTeX Font Info:    ... okay on input line 7.

*geometry* driver: auto-detecting
*geometry* detected driver: pdftex
*geometry* verbose mode - [ preamble ] result:
* driver: pdftex
* paper: a4paper
* layout: <same size as paper>
* layoutoffset:(h,v)=(0.0pt,0.0pt)
* modes: 
* h-part:(L,W,R)=(72.26999pt, 452.9679pt, 72.26999pt)
* v-part:(T,H,B)=(72.26999pt, 700.50687pt, 72.26999pt)
* \paperwidth=597.50787pt
* \paperheight=845.04684pt
* \textwidth=452.9679pt
* \textheight=700.50687pt
* \oddsidemargin=0.0pt
* \evensidemargin=0.0pt
* \topmargin=-37.0pt
* \headheight=12.0pt
* \headsep=25.0pt
* \topskip=11.0pt
* \footskip=30.0pt
* \marginparwidth=50.0pt
* \marginparsep=10.0pt
* \columnsep=10.0pt
* \skip\footins=10.0pt plus 4.0pt minus 2.0pt
* \hoffset=0.0pt
* \voffset=0.0pt
* \mag=1000
* \@twocolumnfalse
* \@twosidefalse
* \@mparswitchfalse
* \@reversemarginfalse
* (1in=72.27pt=25.4mm, 1cm=28.453pt)

(/usr/share/texlive/texmf-dist/tex/context/base/mkii/supp-pdf.mkii
[Loading MPS to PDF converter (version 2006.09.02).]
\scratchcounter=\count197
\scratchdimen=\dimen149
\scratchbox=\box51
\nofMPsegments=\count198
\nofMParguments=\count199
\everyMPshowfont=\toks18
\MPscratchCnt=\count266
\MPscratchDim=\dimen150
\MPnumerator=\count267
\makeMPintoPDFobject=\count268
\everyMPtoPDFconversion=\toks19
) (/usr/share/texlive/texmf-dist/tex/latex/epstopdf-pkg/epstopdf-base.sty
Package: epstopdf-base 2020-01-24 v2.11 Base part for package epstopdf
Package epstopdf-base Info: Redefining graphics rule for `.eps' on input line 4
85.

(/usr/share/texlive/texmf-dist/tex/latex/latexconfig/epstopdf-sys.cfg
File: epstopdf-sys.cfg 2010/07/13 v1.3 Configuration of (r)epstopdf for TeX Liv
e
))
LaTeX Font Info:    External font `cmex10' loaded for size
(Font)              <12> on input line 8.
LaTeX Font Info:    External font `cmex10' loaded for size
(Font)              <8> on input line 8.
LaTeX Font Info:    External font `cmex10' loaded for size
(Font)              <6> on input line 8.
<figures/client_activity_heatmap_top50.pdf, id=1, 762.8329pt x 569.1551pt>
File: figures/client_activity_heatmap_top50.pdf Graphic file (type pdf)
<use figures/client_activity_heatmap_top50.pdf>
Package pdftex.def Info: figures/client_activity_heatmap_top50.pdf  used on inp
ut line 25.
(pdftex.def)             Requested size: 389.55266pt x 290.64737pt.
<figures/client_cumulative_feedback_top20.pdf, id=2, 715.2114pt x 424.61511pt>
File: figures/client_cumulative_feedback_top20.pdf Graphic file (type pdf)
<use figures/client_cumulative_feedback_top20.pdf>
Package pdftex.def Info: figures/client_cumulative_feedback_top20.pdf  used on 
input line 31.
(pdftex.def)             Requested size: 389.55266pt x 231.27783pt.
<figures/client_interevent_distribution.pdf, id=3, 570.55223pt x 352.34511pt>
File: figures/client_interevent_distribution.pdf Graphic file (type pdf)
<use figures/client_interevent_distribution.pdf>
Package pdftex.def Info: figures/client_interevent_distribution.pdf  used on in
put line 37.
(pdftex.def)             Requested size: 371.43698pt x 229.38719pt.
<figures/client_peak_vs_lifetime_scatter.pdf, id=4, 570.79245pt x 352.34511pt>
File: figures/client_peak_vs_lifetime_scatter.pdf Graphic file (type pdf)
<use figures/client_peak_vs_lifetime_scatter.pdf>
Package pdftex.def Info: figures/client_peak_vs_lifetime_scatter.pdf  used on i
nput line 43.
(pdftex.def)             Requested size: 371.43698pt x 229.28503pt.
<figures/client_behavior_cluster_distribution.pdf, id=5, 498.34181pt x 280.6654
5pt>
File: figures/client_behavior_cluster_distribution.pdf Graphic file (type pdf)
<use figures/client_behavior_cluster_distribution.pdf>
Package pdftex.def Info: figures/client_behavior_cluster_distribution.pdf  used
 on input line 49.
(pdftex.def)             Requested size: 339.72592pt x 191.34247pt.

[1

{/var/lib/texmf/fonts/map/pdftex/updmap/pdftex.map}] [2 <./figures/client_activ
ity_heatmap_top50.pdf> <./figures/client_cumulative_feedback_top20.pdf>]
[3 <./figures/client_interevent_distribution.pdf> <./figures/client_peak_vs_lif
etime_scatter.pdf>]
Underfull \hbox (badness 10000) in paragraph at lines 63--64

 []


Overfull \hbox (275.977pt too wide) in paragraph at lines 65--66
[]\OT1/cmtt/m/n/10.95 workspaces/science-chief/outbox/Reports/CLIENT[]TEMPORAL[
]DYNAMICS[]REVIEW[]2026-03-08/figures/client[]activity[]heatmap[]top50.pdf 
 []


Overfull \hbox (293.22307pt too wide) in paragraph at lines 66--67
[]\OT1/cmtt/m/n/10.95 workspaces/science-chief/outbox/Reports/CLIENT[]TEMPORAL[
]DYNAMICS[]REVIEW[]2026-03-08/figures/client[]cumulative[]feedback[]top20.pdf 
 []


Overfull \hbox (283.33533pt too wide) in paragraph at lines 67--68
[]\OT1/cmtt/m/n/10.95 workspaces/science-chief/outbox/Reports/CLIENT[]TEMPORAL[
]DYNAMICS[]REVIEW[]2026-03-08/figures/client[]interevent[]distribution.pdf 
 []


Overfull \hbox (285.86475pt too wide) in paragraph at lines 68--69
[]\OT1/cmtt/m/n/10.95 workspaces/science-chief/outbox/Reports/CLIENT[]TEMPORAL[
]DYNAMICS[]REVIEW[]2026-03-08/figures/client[]peak[]vs[]lifetime[]scatter.pdf 
 []


Overfull \hbox (316.21782pt too wide) in paragraph at lines 69--70
[]\OT1/cmtt/m/n/10.95 workspaces/science-chief/outbox/Reports/CLIENT[]TEMPORAL[
]DYNAMICS[]REVIEW[]2026-03-08/figures/client[]behavior[]cluster[]distribution.p
df 
 []


Underfull \hbox (badness 10000) in paragraph at lines 72--73

 []


Overfull \hbox (274.36737pt too wide) in paragraph at lines 74--75
[]\OT1/cmtt/m/n/10.95 workspaces/science-chief/outbox/Reports/CLIENT[]TEMPORAL[
]DYNAMICS[]REVIEW[]2026-03-08/tables/client[]time[]series[]by[]blockbin.csv 
 []


Overfull \hbox (237.34583pt too wide) in paragraph at lines 75--76
[]\OT1/cmtt/m/n/10.95 workspaces/science-chief/outbox/Reports/CLIENT[]TEMPORAL[
]DYNAMICS[]REVIEW[]2026-03-08/tables/client[]interevent[]stats.csv 
 []


Overfull \hbox (225.84845pt too wide) in paragraph at lines 76--77
[]\OT1/cmtt/m/n/10.95 workspaces/science-chief/outbox/Reports/CLIENT[]TEMPORAL[
]DYNAMICS[]REVIEW[]2026-03-08/tables/client[]lifetime[]stats.csv 
 []

[4 <./figures/client_behavior_cluster_distribution.pdf>]
Overfull \hbox (220.09976pt too wide) in paragraph at lines 77--78
[]\OT1/cmtt/m/n/10.95 workspaces/science-chief/outbox/Reports/CLIENT[]TEMPORAL[
]DYNAMICS[]REVIEW[]2026-03-08/tables/client[]burst[]metrics.csv 
 []


Overfull \hbox (243.09451pt too wide) in paragraph at lines 78--79
[]\OT1/cmtt/m/n/10.95 workspaces/science-chief/outbox/Reports/CLIENT[]TEMPORAL[
]DYNAMICS[]REVIEW[]2026-03-08/tables/client[]behavior[]clusters.csv 
 []


Overfull \hbox (220.09976pt too wide) in paragraph at lines 79--80
[]\OT1/cmtt/m/n/10.95 workspaces/science-chief/outbox/Reports/CLIENT[]TEMPORAL[
]DYNAMICS[]REVIEW[]2026-03-08/tables/client[]dropout[]flags.csv 
 []

[5] (./CLIENT_TEMPORAL_DYNAMICS_REVIEW_2026-03-08.aux) ) 
Here is how much of TeX's memory you used:
 1876 strings out of 480247
 31654 string characters out of 5896152
 327594 words of memory out of 5000000
 19837 multiletter control sequences out of 15000+600000
 474362 words of font info for 45 fonts, out of 8000000 for 9000
 14 hyphenation exceptions out of 8191
 55i,6n,62p,579b,228s stack positions out of 5000i,500n,10000p,200000b,80000s
 </home/manuel/.texlive
2021/texmf-var/fonts/pk/ljfour/jknappen/ec/tcrm1095.600pk></usr/share/texlive/t
exmf-dist/fonts/type1/public/amsfonts/cm/cmbx10.pfb></usr/share/texlive/texmf-d
ist/fonts/type1/public/amsfonts/cm/cmbx12.pfb></usr/share/texlive/texmf-dist/fo
nts/type1/public/amsfonts/cm/cmr10.pfb></usr/share/texlive/texmf-dist/fonts/typ
e1/public/amsfonts/cm/cmr12.pfb></usr/share/texlive/texmf-dist/fonts/type1/publ
ic/amsfonts/cm/cmr17.pfb></usr/share/texlive/texmf-dist/fonts/type1/public/amsf
onts/cm/cmti10.pfb></usr/share/texlive/texmf-dist/fonts/type1/public/amsfonts/c
m/cmtt10.pfb>
Output written on CLIENT_TEMPORAL_DYNAMICS_REVIEW_2026-03-08.pdf (5 pages, 1643
99 bytes).
PDF statistics:
 252 PDF objects out of 1000 (max. 8388607)
 64 compressed objects within 1 object stream
 0 named destinations out of 1000 (max. 500000)
 26 words of extra memory for PDF output out of 10000 (max. 10000000)

