This is pdfTeX, Version 3.141592653-2.6-1.40.22 (TeX Live 2022/dev/Debian) (preloaded format=pdflatex 2026.3.8)  8 MAR 2026 11:17
entering extended mode
 restricted \write18 enabled.
 %&-line parsing enabled.
**DATA_EXTRACTION_STRUCTURE_2026-03-08.tex
(./DATA_EXTRACTION_STRUCTURE_2026-03-08.tex
LaTeX2e <2021-11-15> patch level 1
L3 programming layer <2022-01-21>
(/usr/share/texlive/texmf-dist/tex/latex/base/article.cls
Document Class: article 2021/10/04 v1.4n Standard LaTeX document class
(/usr/share/texlive/texmf-dist/tex/latex/base/size11.clo
File: size11.clo 2021/10/04 v1.4n Standard LaTeX file (size option)
)
\c@part=\count185
\c@section=\count186
\c@subsection=\count187
\c@subsubsection=\count188
\c@paragraph=\count189
\c@subparagraph=\count190
\c@figure=\count191
\c@table=\count192
\abovecaptionskip=\skip47
\belowcaptionskip=\skip48
\bibindent=\dimen138
)
(/usr/share/texlive/texmf-dist/tex/latex/geometry/geometry.sty
Package: geometry 2020/01/02 v5.9 Page Geometry

(/usr/share/texlive/texmf-dist/tex/latex/graphics/keyval.sty
Package: keyval 2014/10/28 v1.15 key=value parser (DPC)
\KV@toks@=\toks16
)
(/usr/share/texlive/texmf-dist/tex/generic/iftex/ifvtex.sty
Package: ifvtex 2019/10/25 v1.7 ifvtex legacy package. Use iftex instead.

(/usr/share/texlive/texmf-dist/tex/generic/iftex/iftex.sty
Package: iftex 2020/03/06 v1.0d TeX engine tests
))
\Gm@cnth=\count193
\Gm@cntv=\count194
\c@Gm@tempcnt=\count195
\Gm@bindingoffset=\dimen139
\Gm@wd@mp=\dimen140
\Gm@odd@mp=\dimen141
\Gm@even@mp=\dimen142
\Gm@layoutwidth=\dimen143
\Gm@layoutheight=\dimen144
\Gm@layouthoffset=\dimen145
\Gm@layoutvoffset=\dimen146
\Gm@dimlist=\toks17
)
(/usr/share/texlive/texmf-dist/tex/latex/l3backend/l3backend-pdftex.def
File: l3backend-pdftex.def 2022-01-12 L3 backend support: PDF output (pdfTeX)
\l__color_backend_stack_int=\count196
\l__pdf_internal_box=\box50
)
(./DATA_EXTRACTION_STRUCTURE_2026-03-08.aux)
\openout1 = `DATA_EXTRACTION_STRUCTURE_2026-03-08.aux'.

LaTeX Font Info:    Checking defaults for OML/cmm/m/it on input line 6.
LaTeX Font Info:    ... okay on input line 6.
LaTeX Font Info:    Checking defaults for OMS/cmsy/m/n on input line 6.
LaTeX Font Info:    ... okay on input line 6.
LaTeX Font Info:    Checking defaults for OT1/cmr/m/n on input line 6.
LaTeX Font Info:    ... okay on input line 6.
LaTeX Font Info:    Checking defaults for T1/cmr/m/n on input line 6.
LaTeX Font Info:    ... okay on input line 6.
LaTeX Font Info:    Checking defaults for TS1/cmr/m/n on input line 6.
LaTeX Font Info:    ... okay on input line 6.
LaTeX Font Info:    Checking defaults for OMX/cmex/m/n on input line 6.
LaTeX Font Info:    ... okay on input line 6.
LaTeX Font Info:    Checking defaults for U/cmr/m/n on input line 6.
LaTeX Font Info:    ... okay on input line 6.

*geometry* driver: auto-detecting
*geometry* detected driver: pdftex
*geometry* verbose mode - [ preamble ] result:
* driver: pdftex
* paper: a4paper
* layout: <same size as paper>
* layoutoffset:(h,v)=(0.0pt,0.0pt)
* modes: 
* h-part:(L,W,R)=(72.26999pt, 452.9679pt, 72.26999pt)
* v-part:(T,H,B)=(72.26999pt, 700.50687pt, 72.26999pt)
* \paperwidth=597.50787pt
* \paperheight=845.04684pt
* \textwidth=452.9679pt
* \textheight=700.50687pt
* \oddsidemargin=0.0pt
* \evensidemargin=0.0pt
* \topmargin=-37.0pt
* \headheight=12.0pt
* \headsep=25.0pt
* \topskip=11.0pt
* \footskip=30.0pt
* \marginparwidth=50.0pt
* \marginparsep=10.0pt
* \columnsep=10.0pt
* \skip\footins=10.0pt plus 4.0pt minus 2.0pt
* \hoffset=0.0pt
* \voffset=0.0pt
* \mag=1000
* \@twocolumnfalse
* \@twosidefalse
* \@mparswitchfalse
* \@reversemarginfalse
* (1in=72.27pt=25.4mm, 1cm=28.453pt)

LaTeX Font Info:    External font `cmex10' loaded for size
(Font)              <12> on input line 7.
LaTeX Font Info:    External font `cmex10' loaded for size
(Font)              <8> on input line 7.
LaTeX Font Info:    External font `cmex10' loaded for size
(Font)              <6> on input line 7.

Overfull \hbox (32.63226pt too wide) in paragraph at lines 42--44
[]\OT1/cmtt/m/n/10.95 identity[]registered.csv \OT1/cmr/m/n/10.95 (event \OT1/c
mtt/m/n/10.95 Registered\OT1/cmr/m/n/10.95 ): \OT1/cmtt/m/n/10.95 blockNumber, 
transactionHash, logIndex,
 []

[1

{/var/lib/texmf/fonts/map/pdftex/updmap/pdftex.map}]
Overfull \hbox (9.63751pt too wide) in paragraph at lines 44--46
[]\OT1/cmtt/m/n/10.95 identity[]transfer.csv \OT1/cmr/m/n/10.95 (event \OT1/cmt
t/m/n/10.95 Transfer\OT1/cmr/m/n/10.95 ): \OT1/cmtt/m/n/10.95 blockNumber, tran
sactionHash, logIndex,
 []


Overfull \hbox (17.05612pt too wide) in paragraph at lines 46--48
\OT1/cmtt/m/n/10.95 logIndex, address, event, agentId, clientAddress, indexedTa
g1, feedbackIndex,
 []


Overfull \hbox (1.82387pt too wide) in paragraph at lines 48--49
[]\OT1/cmtt/m/n/10.95 identity[]metadataset.csv\OT1/cmr/m/n/10.95 , \OT1/cmtt/m
/n/10.95 reputation[]feedbackrevoked.csv\OT1/cmr/m/n/10.95 : cur-rently empty i
n this
 []


Underfull \hbox (badness 10000) in paragraph at lines 69--70

 []


Overfull \hbox (164.22252pt too wide) in paragraph at lines 71--72
[]\OT1/cmtt/m/n/10.95 workspaces/science-chief/outbox/Reports/DATA[]EXTRACTION[
]STRUCTURE[]2026-03-08/tables/data[]audit[]table.tex 
 []


Overfull \hbox (137.08871pt too wide) in paragraph at lines 72--73
[]\OT1/cmtt/m/n/10.95 workspaces/science-chief/outbox/Reports/DATA[]EXTRACTION[
]STRUCTURE[]2026-03-08/tables/paths[]table.tex 
 []

[2] (./DATA_EXTRACTION_STRUCTURE_2026-03-08.aux) ) 
Here is how much of TeX's memory you used:
 1033 strings out of 480247
 17689 string characters out of 5896152
 315139 words of memory out of 5000000
 19030 multiletter control sequences out of 15000+600000
 474016 words of font info for 44 fonts, out of 8000000 for 9000
 14 hyphenation exceptions out of 8191
 55i,6n,62p,257b,193s stack positions out of 5000i,500n,10000p,200000b,80000s
 </home/manuel/.texlive2021/t
exmf-var/fonts/pk/ljfour/jknappen/ec/tcrm1095.600pk></usr/share/texlive/texmf-d
ist/fonts/type1/public/amsfonts/cm/cmbx10.pfb></usr/share/texlive/texmf-dist/fo
nts/type1/public/amsfonts/cm/cmbx12.pfb></usr/share/texlive/texmf-dist/fonts/ty
pe1/public/amsfonts/cm/cmr10.pfb></usr/share/texlive/texmf-dist/fonts/type1/pub
lic/amsfonts/cm/cmr12.pfb></usr/share/texlive/texmf-dist/fonts/type1/public/ams
fonts/cm/cmr17.pfb></usr/share/texlive/texmf-dist/fonts/type1/public/amsfonts/c
m/cmtt10.pfb>
Output written on DATA_EXTRACTION_STRUCTURE_2026-03-08.pdf (2 pages, 99698 byte
s).
PDF statistics:
 46 PDF objects out of 1000 (max. 8388607)
 28 compressed objects within 1 object stream
 0 named destinations out of 1000 (max. 500000)
 1 words of extra memory for PDF output out of 10000 (max. 10000000)

